# JRE version: Java(TM) SE Runtime Environment (8.0_131-b11) (build 1.8.0_131-b11)
# Java VM: Java HotSpot(TM) 64-Bit Server VM (25.131-b11 mixed mode linux-amd64 compressed oops)
Heap:
 PSYoungGen      total 155136K, used 58366K [0x00000000eab00000, 0x00000000f7e00000, 0x0000000100000000)
  eden space 96768K, 0% used [0x00000000eab00000,0x00000000eab00000,0x00000000f0980000)
  from space 58368K, 99% used [0x00000000f0980000,0x00000000f427f890,0x00000000f4280000)
  to   space 53760K, 0% used [0x00000000f4280000,0x00000000f4280000,0x00000000f7700000)
 ParOldGen       total 259584K, used 176914K [0x00000000c0000000, 0x00000000cfd80000, 0x00000000eab00000)
  object space 259584K, 68% used [0x00000000c0000000,0x00000000cacc4918,0x00000000cfd80000)
 Metaspace       used 21647K, capacity 22248K, committed 22400K, reserved 1069056K
  class space    used 2189K, capacity 2308K, committed 2432K, reserved 1048576K
GC Heap History (10 events):
Event: 9,765 GC heap after
Heap after GC invocations=18 (full 3):
 PSYoungGen      total 119808K, used 26974K [0x00000000eab00000, 0x00000000f5e80000, 0x0000000100000000)
  eden space 76800K, 0% used [0x00000000eab00000,0x00000000eab00000,0x00000000ef600000)
  from space 43008K, 62% used [0x00000000ef600000,0x00000000f1057938,0x00000000f2000000)
  to   space 44032K, 0% used [0x00000000f3380000,0x00000000f3380000,0x00000000f5e80000)
 ParOldGen       total 170496K, used 124951K [0x00000000c0000000, 0x00000000ca680000, 0x00000000eab00000)
  object space 170496K, 73% used [0x00000000c0000000,0x00000000c7a05ed8,0x00000000ca680000)
 Metaspace       used 16475K, capacity 16732K, committed 17024K, reserved 1064960K
  class space    used 1803K, capacity 1874K, committed 1920K, reserved 1048576K
}
Event: 10,494 GC heap before
{Heap before GC invocations=19 (full 3):
 PSYoungGen      total 119808K, used 103774K [0x00000000eab00000, 0x00000000f5e80000, 0x0000000100000000)
  eden space 76800K, 100% used [0x00000000eab00000,0x00000000ef600000,0x00000000ef600000)
  from space 43008K, 62% used [0x00000000ef600000,0x00000000f1057938,0x00000000f2000000)
  to   space 44032K, 0% used [0x00000000f3380000,0x00000000f3380000,0x00000000f5e80000)
 ParOldGen       total 170496K, used 124951K [0x00000000c0000000, 0x00000000ca680000, 0x00000000eab00000)
  object space 170496K, 73% used [0x00000000c0000000,0x00000000c7a05ed8,0x00000000ca680000)
 Metaspace       used 16477K, capacity 16732K, committed 17024K, reserved 1064960K
  class space    used 1803K, capacity 1874K, committed 1920K, reserved 1048576K
Event: 10,593 GC heap after
Heap after GC invocations=19 (full 3):
 PSYoungGen      total 130560K, used 44019K [0x00000000eab00000, 0x00000000f7100000, 0x0000000100000000)
  eden space 86528K, 0% used [0x00000000eab00000,0x00000000eab00000,0x00000000eff80000)
  from space 44032K, 99% used [0x00000000f3380000,0x00000000f5e7ce40,0x00000000f5e80000)
  to   space 53248K, 0% used [0x00000000eff80000,0x00000000eff80000,0x00000000f3380000)
 ParOldGen       total 170496K, used 130792K [0x00000000c0000000, 0x00000000ca680000, 0x00000000eab00000)
  object space 170496K, 76% used [0x00000000c0000000,0x00000000c7fba390,0x00000000ca680000)
 Metaspace       used 16477K, capacity 16732K, committed 17024K, reserved 1064960K
  class space    used 1803K, capacity 1874K, committed 1920K, reserved 1048576K
}
Event: 11,658 GC heap before
{Heap before GC invocations=20 (full 3):
 PSYoungGen      total 130560K, used 130547K [0x00000000eab00000, 0x00000000f7100000, 0x0000000100000000)
  eden space 86528K, 100% used [0x00000000eab00000,0x00000000eff80000,0x00000000eff80000)
  from space 44032K, 99% used [0x00000000f3380000,0x00000000f5e7ce40,0x00000000f5e80000)
  to   space 53248K, 0% used [0x00000000eff80000,0x00000000eff80000,0x00000000f3380000)
 ParOldGen       total 170496K, used 130792K [0x00000000c0000000, 0x00000000ca680000, 0x00000000eab00000)
  object space 170496K, 76% used [0x00000000c0000000,0x00000000c7fba390,0x00000000ca680000)
 Metaspace       used 16867K, capacity 17116K, committed 17280K, reserved 1064960K
  class space    used 1813K, capacity 1874K, committed 1920K, reserved 1048576K
Event: 11,808 GC heap after
Heap after GC invocations=20 (full 3):
 PSYoungGen      total 139776K, used 30810K [0x00000000eab00000, 0x00000000f7700000, 0x0000000100000000)
  eden space 86528K, 0% used [0x00000000eab00000,0x00000000eab00000,0x00000000eff80000)
  from space 53248K, 57% used [0x00000000eff80000,0x00000000f1d96970,0x00000000f3380000)
  to   space 53760K, 0% used [0x00000000f4280000,0x00000000f4280000,0x00000000f7700000)
 ParOldGen       total 175104K, used 174675K [0x00000000c0000000, 0x00000000cab00000, 0x00000000eab00000)
  object space 175104K, 99% used [0x00000000c0000000,0x00000000caa94d78,0x00000000cab00000)
 Metaspace       used 16867K, capacity 17116K, committed 17280K, reserved 1064960K
  class space    used 1813K, capacity 1874K, committed 1920K, reserved 1048576K
}
Event: 11,808 GC heap before
{Heap before GC invocations=21 (full 4):
 PSYoungGen      total 139776K, used 30810K [0x00000000eab00000, 0x00000000f7700000, 0x0000000100000000)
  eden space 86528K, 0% used [0x00000000eab00000,0x00000000eab00000,0x00000000eff80000)
  from space 53248K, 57% used [0x00000000eff80000,0x00000000f1d96970,0x00000000f3380000)
  to   space 53760K, 0% used [0x00000000f4280000,0x00000000f4280000,0x00000000f7700000)
 ParOldGen       total 175104K, used 174675K [0x00000000c0000000, 0x00000000cab00000, 0x00000000eab00000)
  object space 175104K, 99% used [0x00000000c0000000,0x00000000caa94d78,0x00000000cab00000)
 Metaspace       used 16867K, capacity 17116K, committed 17280K, reserved 1064960K
  class space    used 1813K, capacity 1874K, committed 1920K, reserved 1048576K
Event: 12,766 GC heap after
Heap after GC invocations=21 (full 4):
 PSYoungGen      total 139776K, used 25193K [0x00000000eab00000, 0x00000000f7700000, 0x0000000100000000)
  eden space 86528K, 0% used [0x00000000eab00000,0x00000000eab00000,0x00000000eff80000)
  from space 53248K, 47% used [0x00000000eff80000,0x00000000f181a610,0x00000000f3380000)
  to   space 53760K, 0% used [0x00000000f4280000,0x00000000f4280000,0x00000000f7700000)
 ParOldGen       total 259584K, used 174981K [0x00000000c0000000, 0x00000000cfd80000, 0x00000000eab00000)
  object space 259584K, 67% used [0x00000000c0000000,0x00000000caae17b0,0x00000000cfd80000)
 Metaspace       used 16867K, capacity 17116K, committed 17280K, reserved 1064960K
  class space    used 1813K, capacity 1874K, committed 1920K, reserved 1048576K
}
Event: 15,066 GC heap before
{Heap before GC invocations=22 (full 4):
 PSYoungGen      total 139776K, used 111721K [0x00000000eab00000, 0x00000000f7700000, 0x0000000100000000)
  eden space 86528K, 100% used [0x00000000eab00000,0x00000000eff80000,0x00000000eff80000)
  from space 53248K, 47% used [0x00000000eff80000,0x00000000f181a610,0x00000000f3380000)
  to   space 53760K, 0% used [0x00000000f4280000,0x00000000f4280000,0x00000000f7700000)
 ParOldGen       total 259584K, used 174981K [0x00000000c0000000, 0x00000000cfd80000, 0x00000000eab00000)
  object space 259584K, 67% used [0x00000000c0000000,0x00000000caae17b0,0x00000000cfd80000)
 Metaspace       used 20841K, capacity 21426K, committed 21504K, reserved 1069056K
  class space    used 2174K, capacity 2299K, committed 2304K, reserved 1048576K
Event: 15,308 GC heap after
Heap after GC invocations=22 (full 4):
 PSYoungGen      total 150528K, used 43421K [0x00000000eab00000, 0x00000000f7e00000, 0x0000000100000000)
  eden space 96768K, 0% used [0x00000000eab00000,0x00000000eab00000,0x00000000f0980000)
  from space 53760K, 80% used [0x00000000f4280000,0x00000000f6ce7448,0x00000000f7700000)
  to   space 58368K, 0% used [0x00000000f0980000,0x00000000f0980000,0x00000000f4280000)
 ParOldGen       total 259584K, used 174989K [0x00000000c0000000, 0x00000000cfd80000, 0x00000000eab00000)
  object space 259584K, 67% used [0x00000000c0000000,0x00000000caae37b0,0x00000000cfd80000)
 Metaspace       used 20841K, capacity 21426K, committed 21504K, reserved 1069056K
  class space    used 2174K, capacity 2299K, committed 2304K, reserved 1048576K
}
Event: 19,547 GC heap before
{Heap before GC invocations=23 (full 4):
 PSYoungGen      total 150528K, used 140189K [0x00000000eab00000, 0x00000000f7e00000, 0x0000000100000000)
  eden space 96768K, 100% used [0x00000000eab00000,0x00000000f0980000,0x00000000f0980000)
  from space 53760K, 80% used [0x00000000f4280000,0x00000000f6ce7448,0x00000000f7700000)
  to   space 58368K, 0% used [0x00000000f0980000,0x00000000f0980000,0x00000000f4280000)
 ParOldGen       total 259584K, used 174989K [0x00000000c0000000, 0x00000000cfd80000, 0x00000000eab00000)
  object space 259584K, 67% used [0x00000000c0000000,0x00000000caae37b0,0x00000000cfd80000)
 Metaspace       used 21647K, capacity 22248K, committed 22400K, reserved 1069056K
  class space    used 2189K, capacity 2308K, committed 2432K, reserved 1048576K

